
> zerowastex-frontend@0.0.1 build
> vite build

[36mvite v5.4.21 [32mbuilding for production...[36m[39m
transforming...
[32mΓ£ô[39m 133 modules transformed.
node.exe : [31mx[39m 
Build failed in 1.01s
At C:\Program 
Files\nodejs\npm.ps1:29 
char:3
+   & $NODE_EXE 
$NPM_CLI_JS $args
+   ~~~~~~~~~~~~~~~~~~~~~~
~~~~~~~
    + CategoryInfo        
      : NotSpecified: (  
  [31mx[39m Build fail   
 ed in 1.01s:String) [    
], RemoteException
    + FullyQualifiedError 
   Id : NativeCommandErr  
  or
 
[31merror during build:
[31m[vite:css] [postcss] 
C:/project_ccp/IIITDM/food
bridge/frontend/src/styles
.css:33:5: The 
`hover:shadow-glow/20` 
class does not exist. If 
`hover:shadow-glow/20` is 
a custom class, make sure 
it is defined within a 
`@layer` directive.[31m
file: [36mC:/project_ccp/
IIITDM/foodbridge/frontend
/src/styles.css:33:4[31m
    at Input.error (C:\pro
ject_ccp\IIITDM\foodbridge
\frontend\node_modules\pos
tcss\lib\input.js:135:16)
    at AtRule.error (C:\pr
oject_ccp\IIITDM\foodbridg
e\frontend\node_modules\po
stcss\lib\node.js:146:32)
    at processApply (C:\pr
oject_ccp\IIITDM\foodbridg
e\frontend\node_modules\ta
ilwindcss\lib\lib\expandAp
plyAtRules.js:380:29)
    at C:\project_ccp\IIIT
DM\foodbridge\frontend\nod
e_modules\tailwindcss\lib\
lib\expandApplyAtRules.js:
551:9
    at C:\project_ccp\IIIT
DM\foodbridge\frontend\nod
e_modules\tailwindcss\lib\
processTailwindFeatures.js
:55:50
    at async plugins (C:\p
roject_ccp\IIITDM\foodbrid
ge\frontend\node_modules\t
ailwindcss\lib\plugin.js:3
8:17)
    at async 
LazyResult.runAsync (C:\pr
oject_ccp\IIITDM\foodbridg
e\frontend\node_modules\po
stcss\lib\lazy-result.js:2
93:11)
    at async compileCSS (f
ile:///C:/project_ccp/IIIT
DM/foodbridge/frontend/nod
e_modules/vite/dist/node/c
hunks/dep-BK3b2jBa.js:3689
8:21)
    at async 
Object.transform (file:///
C:/project_ccp/IIITDM/food
bridge/frontend/node_modul
es/vite/dist/node/chunks/d
ep-BK3b2jBa.js:36171:11)
    at async transform (fi
le:///C:/project_ccp/IIITD
M/foodbridge/frontend/node
_modules/rollup/dist/es/sh
ared/node-entry.js:21316:1
6)[39m
